ERROR - 2023-12-15 03:34:45 --> Error connecting to the database: mysqli_sql_exception: Access denied for user ''@'localhost' (using password: NO) in /Users/user/dev/simple-crud-ci4/vendor/codeigniter4/framework/system/Database/MySQLi/Connection.php:184
Stack trace:
#0 /Users/user/dev/simple-crud-ci4/vendor/codeigniter4/framework/system/Database/MySQLi/Connection.php(184): mysqli->real_connect('localhost', '', Object(SensitiveParameterValue), '', 3306, '', 0)
#1 /Users/user/dev/simple-crud-ci4/vendor/codeigniter4/framework/system/Database/BaseConnection.php(392): CodeIgniter\Database\MySQLi\Connection->connect(false)
#2 /Users/user/dev/simple-crud-ci4/vendor/codeigniter4/framework/system/Database/BaseConnection.php(575): CodeIgniter\Database\BaseConnection->initialize()
#3 /Users/user/dev/simple-crud-ci4/vendor/codeigniter4/framework/system/Database/BaseBuilder.php(1615): CodeIgniter\Database\BaseConnection->query('SELECT *\nFROM `...', Array, false)
#4 /Users/user/dev/simple-crud-ci4/vendor/codeigniter4/framework/system/Model.php(237): CodeIgniter\Database\BaseBuilder->get()
#5 /Users/user/dev/simple-crud-ci4/vendor/codeigniter4/framework/system/BaseModel.php(624): CodeIgniter\Model->doFindAll(0, 0)
#6 /Users/user/dev/simple-crud-ci4/app/Models/Product_model.php(11): CodeIgniter\BaseModel->findAll()
#7 /Users/user/dev/simple-crud-ci4/app/Controllers/Product.php(11): App\Models\Product_model->getProduct()
#8 /Users/user/dev/simple-crud-ci4/vendor/codeigniter4/framework/system/CodeIgniter.php(942): App\Controllers\Product->index()
#9 /Users/user/dev/simple-crud-ci4/vendor/codeigniter4/framework/system/CodeIgniter.php(502): CodeIgniter\CodeIgniter->runController(Object(App\Controllers\Product))
#10 /Users/user/dev/simple-crud-ci4/vendor/codeigniter4/framework/system/CodeIgniter.php(361): CodeIgniter\CodeIgniter->handleRequest(NULL, Object(Config\Cache), false)
#11 /Users/user/dev/simple-crud-ci4/public/index.php(79): CodeIgniter\CodeIgniter->run()
#12 /Users/user/dev/simple-crud-ci4/vendor/codeigniter4/framework/system/Commands/Server/rewrite.php(47): require_once('/Users/user/dev...')
#13 {main}

Next CodeIgniter\Database\Exceptions\DatabaseException: Access denied for user ''@'localhost' (using password: NO) in /Users/user/dev/simple-crud-ci4/vendor/codeigniter4/framework/system/Database/MySQLi/Connection.php:229
Stack trace:
#0 /Users/user/dev/simple-crud-ci4/vendor/codeigniter4/framework/system/Database/BaseConnection.php(392): CodeIgniter\Database\MySQLi\Connection->connect(false)
#1 /Users/user/dev/simple-crud-ci4/vendor/codeigniter4/framework/system/Database/BaseConnection.php(575): CodeIgniter\Database\BaseConnection->initialize()
#2 /Users/user/dev/simple-crud-ci4/vendor/codeigniter4/framework/system/Database/BaseBuilder.php(1615): CodeIgniter\Database\BaseConnection->query('SELECT *\nFROM `...', Array, false)
#3 /Users/user/dev/simple-crud-ci4/vendor/codeigniter4/framework/system/Model.php(237): CodeIgniter\Database\BaseBuilder->get()
#4 /Users/user/dev/simple-crud-ci4/vendor/codeigniter4/framework/system/BaseModel.php(624): CodeIgniter\Model->doFindAll(0, 0)
#5 /Users/user/dev/simple-crud-ci4/app/Models/Product_model.php(11): CodeIgniter\BaseModel->findAll()
#6 /Users/user/dev/simple-crud-ci4/app/Controllers/Product.php(11): App\Models\Product_model->getProduct()
#7 /Users/user/dev/simple-crud-ci4/vendor/codeigniter4/framework/system/CodeIgniter.php(942): App\Controllers\Product->index()
#8 /Users/user/dev/simple-crud-ci4/vendor/codeigniter4/framework/system/CodeIgniter.php(502): CodeIgniter\CodeIgniter->runController(Object(App\Controllers\Product))
#9 /Users/user/dev/simple-crud-ci4/vendor/codeigniter4/framework/system/CodeIgniter.php(361): CodeIgniter\CodeIgniter->handleRequest(NULL, Object(Config\Cache), false)
#10 /Users/user/dev/simple-crud-ci4/public/index.php(79): CodeIgniter\CodeIgniter->run()
#11 /Users/user/dev/simple-crud-ci4/vendor/codeigniter4/framework/system/Commands/Server/rewrite.php(47): require_once('/Users/user/dev...')
#12 {main}
CRITICAL - 2023-12-15 03:34:45 --> Unable to connect to the database.
Main connection [MySQLi]: Access denied for user ''@'localhost' (using password: NO)
in SYSTEMPATH/Database/BaseConnection.php on line 428.
 1 SYSTEMPATH/Database/BaseConnection.php(575): CodeIgniter\Database\BaseConnection->initialize()
 2 SYSTEMPATH/Database/BaseBuilder.php(1615): CodeIgniter\Database\BaseConnection->query('SELECT *
FROM `product`', [], false)
 3 SYSTEMPATH/Model.php(237): CodeIgniter\Database\BaseBuilder->get()
 4 SYSTEMPATH/BaseModel.php(624): CodeIgniter\Model->doFindAll(0, 0)
 5 APPPATH/Models/Product_model.php(11): CodeIgniter\BaseModel->findAll()
 6 APPPATH/Controllers/Product.php(11): App\Models\Product_model->getProduct()
 7 SYSTEMPATH/CodeIgniter.php(942): App\Controllers\Product->index()
 8 SYSTEMPATH/CodeIgniter.php(502): CodeIgniter\CodeIgniter->runController(Object(App\Controllers\Product))
 9 SYSTEMPATH/CodeIgniter.php(361): CodeIgniter\CodeIgniter->handleRequest(null, Object(Config\Cache), false)
10 FCPATH/index.php(79): CodeIgniter\CodeIgniter->run()
11 SYSTEMPATH/Commands/Server/rewrite.php(47): require_once('/Users/user/dev/simple-crud-ci4/public/index.php')
ERROR - 2023-12-15 03:35:45 --> Error connecting to the database: mysqli_sql_exception: Access denied for user ''@'localhost' (using password: NO) in /Users/user/dev/simple-crud-ci4/vendor/codeigniter4/framework/system/Database/MySQLi/Connection.php:184
Stack trace:
#0 /Users/user/dev/simple-crud-ci4/vendor/codeigniter4/framework/system/Database/MySQLi/Connection.php(184): mysqli->real_connect('localhost', '', Object(SensitiveParameterValue), '', 3306, '', 0)
#1 /Users/user/dev/simple-crud-ci4/vendor/codeigniter4/framework/system/Database/BaseConnection.php(392): CodeIgniter\Database\MySQLi\Connection->connect(false)
#2 /Users/user/dev/simple-crud-ci4/vendor/codeigniter4/framework/system/Database/BaseConnection.php(575): CodeIgniter\Database\BaseConnection->initialize()
#3 /Users/user/dev/simple-crud-ci4/vendor/codeigniter4/framework/system/Database/BaseBuilder.php(1615): CodeIgniter\Database\BaseConnection->query('SELECT *\nFROM `...', Array, false)
#4 /Users/user/dev/simple-crud-ci4/vendor/codeigniter4/framework/system/Model.php(237): CodeIgniter\Database\BaseBuilder->get()
#5 /Users/user/dev/simple-crud-ci4/vendor/codeigniter4/framework/system/BaseModel.php(624): CodeIgniter\Model->doFindAll(0, 0)
#6 /Users/user/dev/simple-crud-ci4/app/Models/Product_model.php(11): CodeIgniter\BaseModel->findAll()
#7 /Users/user/dev/simple-crud-ci4/app/Controllers/Product.php(11): App\Models\Product_model->getProduct()
#8 /Users/user/dev/simple-crud-ci4/vendor/codeigniter4/framework/system/CodeIgniter.php(942): App\Controllers\Product->index()
#9 /Users/user/dev/simple-crud-ci4/vendor/codeigniter4/framework/system/CodeIgniter.php(502): CodeIgniter\CodeIgniter->runController(Object(App\Controllers\Product))
#10 /Users/user/dev/simple-crud-ci4/vendor/codeigniter4/framework/system/CodeIgniter.php(361): CodeIgniter\CodeIgniter->handleRequest(NULL, Object(Config\Cache), false)
#11 /Users/user/dev/simple-crud-ci4/public/index.php(79): CodeIgniter\CodeIgniter->run()
#12 /Users/user/dev/simple-crud-ci4/vendor/codeigniter4/framework/system/Commands/Server/rewrite.php(47): require_once('/Users/user/dev...')
#13 {main}

Next CodeIgniter\Database\Exceptions\DatabaseException: Access denied for user ''@'localhost' (using password: NO) in /Users/user/dev/simple-crud-ci4/vendor/codeigniter4/framework/system/Database/MySQLi/Connection.php:229
Stack trace:
#0 /Users/user/dev/simple-crud-ci4/vendor/codeigniter4/framework/system/Database/BaseConnection.php(392): CodeIgniter\Database\MySQLi\Connection->connect(false)
#1 /Users/user/dev/simple-crud-ci4/vendor/codeigniter4/framework/system/Database/BaseConnection.php(575): CodeIgniter\Database\BaseConnection->initialize()
#2 /Users/user/dev/simple-crud-ci4/vendor/codeigniter4/framework/system/Database/BaseBuilder.php(1615): CodeIgniter\Database\BaseConnection->query('SELECT *\nFROM `...', Array, false)
#3 /Users/user/dev/simple-crud-ci4/vendor/codeigniter4/framework/system/Model.php(237): CodeIgniter\Database\BaseBuilder->get()
#4 /Users/user/dev/simple-crud-ci4/vendor/codeigniter4/framework/system/BaseModel.php(624): CodeIgniter\Model->doFindAll(0, 0)
#5 /Users/user/dev/simple-crud-ci4/app/Models/Product_model.php(11): CodeIgniter\BaseModel->findAll()
#6 /Users/user/dev/simple-crud-ci4/app/Controllers/Product.php(11): App\Models\Product_model->getProduct()
#7 /Users/user/dev/simple-crud-ci4/vendor/codeigniter4/framework/system/CodeIgniter.php(942): App\Controllers\Product->index()
#8 /Users/user/dev/simple-crud-ci4/vendor/codeigniter4/framework/system/CodeIgniter.php(502): CodeIgniter\CodeIgniter->runController(Object(App\Controllers\Product))
#9 /Users/user/dev/simple-crud-ci4/vendor/codeigniter4/framework/system/CodeIgniter.php(361): CodeIgniter\CodeIgniter->handleRequest(NULL, Object(Config\Cache), false)
#10 /Users/user/dev/simple-crud-ci4/public/index.php(79): CodeIgniter\CodeIgniter->run()
#11 /Users/user/dev/simple-crud-ci4/vendor/codeigniter4/framework/system/Commands/Server/rewrite.php(47): require_once('/Users/user/dev...')
#12 {main}
CRITICAL - 2023-12-15 03:35:45 --> Unable to connect to the database.
Main connection [MySQLi]: Access denied for user ''@'localhost' (using password: NO)
in SYSTEMPATH/Database/BaseConnection.php on line 428.
 1 SYSTEMPATH/Database/BaseConnection.php(575): CodeIgniter\Database\BaseConnection->initialize()
 2 SYSTEMPATH/Database/BaseBuilder.php(1615): CodeIgniter\Database\BaseConnection->query('SELECT *
FROM `product`', [], false)
 3 SYSTEMPATH/Model.php(237): CodeIgniter\Database\BaseBuilder->get()
 4 SYSTEMPATH/BaseModel.php(624): CodeIgniter\Model->doFindAll(0, 0)
 5 APPPATH/Models/Product_model.php(11): CodeIgniter\BaseModel->findAll()
 6 APPPATH/Controllers/Product.php(11): App\Models\Product_model->getProduct()
 7 SYSTEMPATH/CodeIgniter.php(942): App\Controllers\Product->index()
 8 SYSTEMPATH/CodeIgniter.php(502): CodeIgniter\CodeIgniter->runController(Object(App\Controllers\Product))
 9 SYSTEMPATH/CodeIgniter.php(361): CodeIgniter\CodeIgniter->handleRequest(null, Object(Config\Cache), false)
10 FCPATH/index.php(79): CodeIgniter\CodeIgniter->run()
11 SYSTEMPATH/Commands/Server/rewrite.php(47): require_once('/Users/user/dev/simple-crud-ci4/public/index.php')
ERROR - 2023-12-15 03:43:16 --> Error connecting to the database: mysqli_sql_exception: Access denied for user ''@'localhost' (using password: NO) in /Users/user/dev/simple-crud-ci4/vendor/codeigniter4/framework/system/Database/MySQLi/Connection.php:184
Stack trace:
#0 /Users/user/dev/simple-crud-ci4/vendor/codeigniter4/framework/system/Database/MySQLi/Connection.php(184): mysqli->real_connect('localhost', '', Object(SensitiveParameterValue), '', 3306, '', 0)
#1 /Users/user/dev/simple-crud-ci4/vendor/codeigniter4/framework/system/Database/BaseConnection.php(392): CodeIgniter\Database\MySQLi\Connection->connect(false)
#2 /Users/user/dev/simple-crud-ci4/vendor/codeigniter4/framework/system/Database/BaseConnection.php(575): CodeIgniter\Database\BaseConnection->initialize()
#3 /Users/user/dev/simple-crud-ci4/vendor/codeigniter4/framework/system/Database/BaseBuilder.php(1615): CodeIgniter\Database\BaseConnection->query('SELECT *\nFROM `...', Array, false)
#4 /Users/user/dev/simple-crud-ci4/vendor/codeigniter4/framework/system/Model.php(237): CodeIgniter\Database\BaseBuilder->get()
#5 /Users/user/dev/simple-crud-ci4/vendor/codeigniter4/framework/system/BaseModel.php(624): CodeIgniter\Model->doFindAll(0, 0)
#6 /Users/user/dev/simple-crud-ci4/app/Models/Product_model.php(11): CodeIgniter\BaseModel->findAll()
#7 /Users/user/dev/simple-crud-ci4/app/Controllers/Product.php(11): App\Models\Product_model->getProduct()
#8 /Users/user/dev/simple-crud-ci4/vendor/codeigniter4/framework/system/CodeIgniter.php(942): App\Controllers\Product->index()
#9 /Users/user/dev/simple-crud-ci4/vendor/codeigniter4/framework/system/CodeIgniter.php(502): CodeIgniter\CodeIgniter->runController(Object(App\Controllers\Product))
#10 /Users/user/dev/simple-crud-ci4/vendor/codeigniter4/framework/system/CodeIgniter.php(361): CodeIgniter\CodeIgniter->handleRequest(NULL, Object(Config\Cache), false)
#11 /Users/user/dev/simple-crud-ci4/public/index.php(79): CodeIgniter\CodeIgniter->run()
#12 /Users/user/dev/simple-crud-ci4/vendor/codeigniter4/framework/system/Commands/Server/rewrite.php(47): require_once('/Users/user/dev...')
#13 {main}

Next CodeIgniter\Database\Exceptions\DatabaseException: Access denied for user ''@'localhost' (using password: NO) in /Users/user/dev/simple-crud-ci4/vendor/codeigniter4/framework/system/Database/MySQLi/Connection.php:229
Stack trace:
#0 /Users/user/dev/simple-crud-ci4/vendor/codeigniter4/framework/system/Database/BaseConnection.php(392): CodeIgniter\Database\MySQLi\Connection->connect(false)
#1 /Users/user/dev/simple-crud-ci4/vendor/codeigniter4/framework/system/Database/BaseConnection.php(575): CodeIgniter\Database\BaseConnection->initialize()
#2 /Users/user/dev/simple-crud-ci4/vendor/codeigniter4/framework/system/Database/BaseBuilder.php(1615): CodeIgniter\Database\BaseConnection->query('SELECT *\nFROM `...', Array, false)
#3 /Users/user/dev/simple-crud-ci4/vendor/codeigniter4/framework/system/Model.php(237): CodeIgniter\Database\BaseBuilder->get()
#4 /Users/user/dev/simple-crud-ci4/vendor/codeigniter4/framework/system/BaseModel.php(624): CodeIgniter\Model->doFindAll(0, 0)
#5 /Users/user/dev/simple-crud-ci4/app/Models/Product_model.php(11): CodeIgniter\BaseModel->findAll()
#6 /Users/user/dev/simple-crud-ci4/app/Controllers/Product.php(11): App\Models\Product_model->getProduct()
#7 /Users/user/dev/simple-crud-ci4/vendor/codeigniter4/framework/system/CodeIgniter.php(942): App\Controllers\Product->index()
#8 /Users/user/dev/simple-crud-ci4/vendor/codeigniter4/framework/system/CodeIgniter.php(502): CodeIgniter\CodeIgniter->runController(Object(App\Controllers\Product))
#9 /Users/user/dev/simple-crud-ci4/vendor/codeigniter4/framework/system/CodeIgniter.php(361): CodeIgniter\CodeIgniter->handleRequest(NULL, Object(Config\Cache), false)
#10 /Users/user/dev/simple-crud-ci4/public/index.php(79): CodeIgniter\CodeIgniter->run()
#11 /Users/user/dev/simple-crud-ci4/vendor/codeigniter4/framework/system/Commands/Server/rewrite.php(47): require_once('/Users/user/dev...')
#12 {main}
CRITICAL - 2023-12-15 03:43:16 --> Unable to connect to the database.
Main connection [MySQLi]: Access denied for user ''@'localhost' (using password: NO)
in SYSTEMPATH/Database/BaseConnection.php on line 428.
 1 SYSTEMPATH/Database/BaseConnection.php(575): CodeIgniter\Database\BaseConnection->initialize()
 2 SYSTEMPATH/Database/BaseBuilder.php(1615): CodeIgniter\Database\BaseConnection->query('SELECT *
FROM `product`', [], false)
 3 SYSTEMPATH/Model.php(237): CodeIgniter\Database\BaseBuilder->get()
 4 SYSTEMPATH/BaseModel.php(624): CodeIgniter\Model->doFindAll(0, 0)
 5 APPPATH/Models/Product_model.php(11): CodeIgniter\BaseModel->findAll()
 6 APPPATH/Controllers/Product.php(11): App\Models\Product_model->getProduct()
 7 SYSTEMPATH/CodeIgniter.php(942): App\Controllers\Product->index()
 8 SYSTEMPATH/CodeIgniter.php(502): CodeIgniter\CodeIgniter->runController(Object(App\Controllers\Product))
 9 SYSTEMPATH/CodeIgniter.php(361): CodeIgniter\CodeIgniter->handleRequest(null, Object(Config\Cache), false)
10 FCPATH/index.php(79): CodeIgniter\CodeIgniter->run()
11 SYSTEMPATH/Commands/Server/rewrite.php(47): require_once('/Users/user/dev/simple-crud-ci4/public/index.php')
ERROR - 2023-12-15 03:52:58 --> Error connecting to the database: mysqli_sql_exception: No such file or directory in /Users/user/dev/simple-crud-ci4/vendor/codeigniter4/framework/system/Database/MySQLi/Connection.php:184
Stack trace:
#0 /Users/user/dev/simple-crud-ci4/vendor/codeigniter4/framework/system/Database/MySQLi/Connection.php(184): mysqli->real_connect('localhost', '', Object(SensitiveParameterValue), '', 3306, '', 0)
#1 /Users/user/dev/simple-crud-ci4/vendor/codeigniter4/framework/system/Database/BaseConnection.php(392): CodeIgniter\Database\MySQLi\Connection->connect(false)
#2 /Users/user/dev/simple-crud-ci4/vendor/codeigniter4/framework/system/Database/BaseConnection.php(575): CodeIgniter\Database\BaseConnection->initialize()
#3 /Users/user/dev/simple-crud-ci4/vendor/codeigniter4/framework/system/Database/BaseBuilder.php(1615): CodeIgniter\Database\BaseConnection->query('SELECT *\nFROM `...', Array, false)
#4 /Users/user/dev/simple-crud-ci4/vendor/codeigniter4/framework/system/Model.php(237): CodeIgniter\Database\BaseBuilder->get()
#5 /Users/user/dev/simple-crud-ci4/vendor/codeigniter4/framework/system/BaseModel.php(624): CodeIgniter\Model->doFindAll(0, 0)
#6 /Users/user/dev/simple-crud-ci4/app/Models/Product_model.php(11): CodeIgniter\BaseModel->findAll()
#7 /Users/user/dev/simple-crud-ci4/app/Controllers/Product.php(11): App\Models\Product_model->getProduct()
#8 /Users/user/dev/simple-crud-ci4/vendor/codeigniter4/framework/system/CodeIgniter.php(942): App\Controllers\Product->index()
#9 /Users/user/dev/simple-crud-ci4/vendor/codeigniter4/framework/system/CodeIgniter.php(502): CodeIgniter\CodeIgniter->runController(Object(App\Controllers\Product))
#10 /Users/user/dev/simple-crud-ci4/vendor/codeigniter4/framework/system/CodeIgniter.php(361): CodeIgniter\CodeIgniter->handleRequest(NULL, Object(Config\Cache), false)
#11 /Users/user/dev/simple-crud-ci4/public/index.php(79): CodeIgniter\CodeIgniter->run()
#12 /Users/user/dev/simple-crud-ci4/vendor/codeigniter4/framework/system/Commands/Server/rewrite.php(47): require_once('/Users/user/dev...')
#13 {main}

Next CodeIgniter\Database\Exceptions\DatabaseException: No such file or directory in /Users/user/dev/simple-crud-ci4/vendor/codeigniter4/framework/system/Database/MySQLi/Connection.php:229
Stack trace:
#0 /Users/user/dev/simple-crud-ci4/vendor/codeigniter4/framework/system/Database/BaseConnection.php(392): CodeIgniter\Database\MySQLi\Connection->connect(false)
#1 /Users/user/dev/simple-crud-ci4/vendor/codeigniter4/framework/system/Database/BaseConnection.php(575): CodeIgniter\Database\BaseConnection->initialize()
#2 /Users/user/dev/simple-crud-ci4/vendor/codeigniter4/framework/system/Database/BaseBuilder.php(1615): CodeIgniter\Database\BaseConnection->query('SELECT *\nFROM `...', Array, false)
#3 /Users/user/dev/simple-crud-ci4/vendor/codeigniter4/framework/system/Model.php(237): CodeIgniter\Database\BaseBuilder->get()
#4 /Users/user/dev/simple-crud-ci4/vendor/codeigniter4/framework/system/BaseModel.php(624): CodeIgniter\Model->doFindAll(0, 0)
#5 /Users/user/dev/simple-crud-ci4/app/Models/Product_model.php(11): CodeIgniter\BaseModel->findAll()
#6 /Users/user/dev/simple-crud-ci4/app/Controllers/Product.php(11): App\Models\Product_model->getProduct()
#7 /Users/user/dev/simple-crud-ci4/vendor/codeigniter4/framework/system/CodeIgniter.php(942): App\Controllers\Product->index()
#8 /Users/user/dev/simple-crud-ci4/vendor/codeigniter4/framework/system/CodeIgniter.php(502): CodeIgniter\CodeIgniter->runController(Object(App\Controllers\Product))
#9 /Users/user/dev/simple-crud-ci4/vendor/codeigniter4/framework/system/CodeIgniter.php(361): CodeIgniter\CodeIgniter->handleRequest(NULL, Object(Config\Cache), false)
#10 /Users/user/dev/simple-crud-ci4/public/index.php(79): CodeIgniter\CodeIgniter->run()
#11 /Users/user/dev/simple-crud-ci4/vendor/codeigniter4/framework/system/Commands/Server/rewrite.php(47): require_once('/Users/user/dev...')
#12 {main}
CRITICAL - 2023-12-15 03:52:58 --> Unable to connect to the database.
Main connection [MySQLi]: No such file or directory
in SYSTEMPATH/Database/BaseConnection.php on line 428.
 1 SYSTEMPATH/Database/BaseConnection.php(575): CodeIgniter\Database\BaseConnection->initialize()
 2 SYSTEMPATH/Database/BaseBuilder.php(1615): CodeIgniter\Database\BaseConnection->query('SELECT *
FROM `product`', [], false)
 3 SYSTEMPATH/Model.php(237): CodeIgniter\Database\BaseBuilder->get()
 4 SYSTEMPATH/BaseModel.php(624): CodeIgniter\Model->doFindAll(0, 0)
 5 APPPATH/Models/Product_model.php(11): CodeIgniter\BaseModel->findAll()
 6 APPPATH/Controllers/Product.php(11): App\Models\Product_model->getProduct()
 7 SYSTEMPATH/CodeIgniter.php(942): App\Controllers\Product->index()
 8 SYSTEMPATH/CodeIgniter.php(502): CodeIgniter\CodeIgniter->runController(Object(App\Controllers\Product))
 9 SYSTEMPATH/CodeIgniter.php(361): CodeIgniter\CodeIgniter->handleRequest(null, Object(Config\Cache), false)
10 FCPATH/index.php(79): CodeIgniter\CodeIgniter->run()
11 SYSTEMPATH/Commands/Server/rewrite.php(47): require_once('/Users/user/dev/simple-crud-ci4/public/index.php')
ERROR - 2023-12-15 04:06:44 --> Error connecting to the database: mysqli_sql_exception: Access denied for user ''@'localhost' (using password: NO) in /Users/user/dev/simple-crud-ci4/vendor/codeigniter4/framework/system/Database/MySQLi/Connection.php:184
Stack trace:
#0 /Users/user/dev/simple-crud-ci4/vendor/codeigniter4/framework/system/Database/MySQLi/Connection.php(184): mysqli->real_connect('localhost', '', Object(SensitiveParameterValue), '', 3306, '', 0)
#1 /Users/user/dev/simple-crud-ci4/vendor/codeigniter4/framework/system/Database/BaseConnection.php(392): CodeIgniter\Database\MySQLi\Connection->connect(false)
#2 /Users/user/dev/simple-crud-ci4/vendor/codeigniter4/framework/system/Database/BaseConnection.php(575): CodeIgniter\Database\BaseConnection->initialize()
#3 /Users/user/dev/simple-crud-ci4/vendor/codeigniter4/framework/system/Database/BaseBuilder.php(1615): CodeIgniter\Database\BaseConnection->query('SELECT *\nFROM `...', Array, false)
#4 /Users/user/dev/simple-crud-ci4/vendor/codeigniter4/framework/system/Model.php(237): CodeIgniter\Database\BaseBuilder->get()
#5 /Users/user/dev/simple-crud-ci4/vendor/codeigniter4/framework/system/BaseModel.php(624): CodeIgniter\Model->doFindAll(0, 0)
#6 /Users/user/dev/simple-crud-ci4/app/Models/Product_model.php(11): CodeIgniter\BaseModel->findAll()
#7 /Users/user/dev/simple-crud-ci4/app/Controllers/Product.php(11): App\Models\Product_model->getProduct()
#8 /Users/user/dev/simple-crud-ci4/vendor/codeigniter4/framework/system/CodeIgniter.php(942): App\Controllers\Product->index()
#9 /Users/user/dev/simple-crud-ci4/vendor/codeigniter4/framework/system/CodeIgniter.php(502): CodeIgniter\CodeIgniter->runController(Object(App\Controllers\Product))
#10 /Users/user/dev/simple-crud-ci4/vendor/codeigniter4/framework/system/CodeIgniter.php(361): CodeIgniter\CodeIgniter->handleRequest(NULL, Object(Config\Cache), false)
#11 /Users/user/dev/simple-crud-ci4/public/index.php(79): CodeIgniter\CodeIgniter->run()
#12 /Users/user/dev/simple-crud-ci4/vendor/codeigniter4/framework/system/Commands/Server/rewrite.php(47): require_once('/Users/user/dev...')
#13 {main}

Next CodeIgniter\Database\Exceptions\DatabaseException: Access denied for user ''@'localhost' (using password: NO) in /Users/user/dev/simple-crud-ci4/vendor/codeigniter4/framework/system/Database/MySQLi/Connection.php:229
Stack trace:
#0 /Users/user/dev/simple-crud-ci4/vendor/codeigniter4/framework/system/Database/BaseConnection.php(392): CodeIgniter\Database\MySQLi\Connection->connect(false)
#1 /Users/user/dev/simple-crud-ci4/vendor/codeigniter4/framework/system/Database/BaseConnection.php(575): CodeIgniter\Database\BaseConnection->initialize()
#2 /Users/user/dev/simple-crud-ci4/vendor/codeigniter4/framework/system/Database/BaseBuilder.php(1615): CodeIgniter\Database\BaseConnection->query('SELECT *\nFROM `...', Array, false)
#3 /Users/user/dev/simple-crud-ci4/vendor/codeigniter4/framework/system/Model.php(237): CodeIgniter\Database\BaseBuilder->get()
#4 /Users/user/dev/simple-crud-ci4/vendor/codeigniter4/framework/system/BaseModel.php(624): CodeIgniter\Model->doFindAll(0, 0)
#5 /Users/user/dev/simple-crud-ci4/app/Models/Product_model.php(11): CodeIgniter\BaseModel->findAll()
#6 /Users/user/dev/simple-crud-ci4/app/Controllers/Product.php(11): App\Models\Product_model->getProduct()
#7 /Users/user/dev/simple-crud-ci4/vendor/codeigniter4/framework/system/CodeIgniter.php(942): App\Controllers\Product->index()
#8 /Users/user/dev/simple-crud-ci4/vendor/codeigniter4/framework/system/CodeIgniter.php(502): CodeIgniter\CodeIgniter->runController(Object(App\Controllers\Product))
#9 /Users/user/dev/simple-crud-ci4/vendor/codeigniter4/framework/system/CodeIgniter.php(361): CodeIgniter\CodeIgniter->handleRequest(NULL, Object(Config\Cache), false)
#10 /Users/user/dev/simple-crud-ci4/public/index.php(79): CodeIgniter\CodeIgniter->run()
#11 /Users/user/dev/simple-crud-ci4/vendor/codeigniter4/framework/system/Commands/Server/rewrite.php(47): require_once('/Users/user/dev...')
#12 {main}
CRITICAL - 2023-12-15 04:06:44 --> Unable to connect to the database.
Main connection [MySQLi]: Access denied for user ''@'localhost' (using password: NO)
in SYSTEMPATH/Database/BaseConnection.php on line 428.
 1 SYSTEMPATH/Database/BaseConnection.php(575): CodeIgniter\Database\BaseConnection->initialize()
 2 SYSTEMPATH/Database/BaseBuilder.php(1615): CodeIgniter\Database\BaseConnection->query('SELECT *
FROM `product`', [], false)
 3 SYSTEMPATH/Model.php(237): CodeIgniter\Database\BaseBuilder->get()
 4 SYSTEMPATH/BaseModel.php(624): CodeIgniter\Model->doFindAll(0, 0)
 5 APPPATH/Models/Product_model.php(11): CodeIgniter\BaseModel->findAll()
 6 APPPATH/Controllers/Product.php(11): App\Models\Product_model->getProduct()
 7 SYSTEMPATH/CodeIgniter.php(942): App\Controllers\Product->index()
 8 SYSTEMPATH/CodeIgniter.php(502): CodeIgniter\CodeIgniter->runController(Object(App\Controllers\Product))
 9 SYSTEMPATH/CodeIgniter.php(361): CodeIgniter\CodeIgniter->handleRequest(null, Object(Config\Cache), false)
10 FCPATH/index.php(79): CodeIgniter\CodeIgniter->run()
11 SYSTEMPATH/Commands/Server/rewrite.php(47): require_once('/Users/user/dev/simple-crud-ci4/public/index.php')
ERROR - 2023-12-15 04:06:45 --> Error connecting to the database: mysqli_sql_exception: Access denied for user ''@'localhost' (using password: NO) in /Users/user/dev/simple-crud-ci4/vendor/codeigniter4/framework/system/Database/MySQLi/Connection.php:184
Stack trace:
#0 /Users/user/dev/simple-crud-ci4/vendor/codeigniter4/framework/system/Database/MySQLi/Connection.php(184): mysqli->real_connect('localhost', '', Object(SensitiveParameterValue), '', 3306, '', 0)
#1 /Users/user/dev/simple-crud-ci4/vendor/codeigniter4/framework/system/Database/BaseConnection.php(392): CodeIgniter\Database\MySQLi\Connection->connect(false)
#2 /Users/user/dev/simple-crud-ci4/vendor/codeigniter4/framework/system/Database/BaseConnection.php(575): CodeIgniter\Database\BaseConnection->initialize()
#3 /Users/user/dev/simple-crud-ci4/vendor/codeigniter4/framework/system/Database/BaseBuilder.php(1615): CodeIgniter\Database\BaseConnection->query('SELECT *\nFROM `...', Array, false)
#4 /Users/user/dev/simple-crud-ci4/vendor/codeigniter4/framework/system/Model.php(237): CodeIgniter\Database\BaseBuilder->get()
#5 /Users/user/dev/simple-crud-ci4/vendor/codeigniter4/framework/system/BaseModel.php(624): CodeIgniter\Model->doFindAll(0, 0)
#6 /Users/user/dev/simple-crud-ci4/app/Models/Product_model.php(11): CodeIgniter\BaseModel->findAll()
#7 /Users/user/dev/simple-crud-ci4/app/Controllers/Product.php(11): App\Models\Product_model->getProduct()
#8 /Users/user/dev/simple-crud-ci4/vendor/codeigniter4/framework/system/CodeIgniter.php(942): App\Controllers\Product->index()
#9 /Users/user/dev/simple-crud-ci4/vendor/codeigniter4/framework/system/CodeIgniter.php(502): CodeIgniter\CodeIgniter->runController(Object(App\Controllers\Product))
#10 /Users/user/dev/simple-crud-ci4/vendor/codeigniter4/framework/system/CodeIgniter.php(361): CodeIgniter\CodeIgniter->handleRequest(NULL, Object(Config\Cache), false)
#11 /Users/user/dev/simple-crud-ci4/public/index.php(79): CodeIgniter\CodeIgniter->run()
#12 /Users/user/dev/simple-crud-ci4/vendor/codeigniter4/framework/system/Commands/Server/rewrite.php(47): require_once('/Users/user/dev...')
#13 {main}

Next CodeIgniter\Database\Exceptions\DatabaseException: Access denied for user ''@'localhost' (using password: NO) in /Users/user/dev/simple-crud-ci4/vendor/codeigniter4/framework/system/Database/MySQLi/Connection.php:229
Stack trace:
#0 /Users/user/dev/simple-crud-ci4/vendor/codeigniter4/framework/system/Database/BaseConnection.php(392): CodeIgniter\Database\MySQLi\Connection->connect(false)
#1 /Users/user/dev/simple-crud-ci4/vendor/codeigniter4/framework/system/Database/BaseConnection.php(575): CodeIgniter\Database\BaseConnection->initialize()
#2 /Users/user/dev/simple-crud-ci4/vendor/codeigniter4/framework/system/Database/BaseBuilder.php(1615): CodeIgniter\Database\BaseConnection->query('SELECT *\nFROM `...', Array, false)
#3 /Users/user/dev/simple-crud-ci4/vendor/codeigniter4/framework/system/Model.php(237): CodeIgniter\Database\BaseBuilder->get()
#4 /Users/user/dev/simple-crud-ci4/vendor/codeigniter4/framework/system/BaseModel.php(624): CodeIgniter\Model->doFindAll(0, 0)
#5 /Users/user/dev/simple-crud-ci4/app/Models/Product_model.php(11): CodeIgniter\BaseModel->findAll()
#6 /Users/user/dev/simple-crud-ci4/app/Controllers/Product.php(11): App\Models\Product_model->getProduct()
#7 /Users/user/dev/simple-crud-ci4/vendor/codeigniter4/framework/system/CodeIgniter.php(942): App\Controllers\Product->index()
#8 /Users/user/dev/simple-crud-ci4/vendor/codeigniter4/framework/system/CodeIgniter.php(502): CodeIgniter\CodeIgniter->runController(Object(App\Controllers\Product))
#9 /Users/user/dev/simple-crud-ci4/vendor/codeigniter4/framework/system/CodeIgniter.php(361): CodeIgniter\CodeIgniter->handleRequest(NULL, Object(Config\Cache), false)
#10 /Users/user/dev/simple-crud-ci4/public/index.php(79): CodeIgniter\CodeIgniter->run()
#11 /Users/user/dev/simple-crud-ci4/vendor/codeigniter4/framework/system/Commands/Server/rewrite.php(47): require_once('/Users/user/dev...')
#12 {main}
CRITICAL - 2023-12-15 04:06:45 --> Unable to connect to the database.
Main connection [MySQLi]: Access denied for user ''@'localhost' (using password: NO)
in SYSTEMPATH/Database/BaseConnection.php on line 428.
 1 SYSTEMPATH/Database/BaseConnection.php(575): CodeIgniter\Database\BaseConnection->initialize()
 2 SYSTEMPATH/Database/BaseBuilder.php(1615): CodeIgniter\Database\BaseConnection->query('SELECT *
FROM `product`', [], false)
 3 SYSTEMPATH/Model.php(237): CodeIgniter\Database\BaseBuilder->get()
 4 SYSTEMPATH/BaseModel.php(624): CodeIgniter\Model->doFindAll(0, 0)
 5 APPPATH/Models/Product_model.php(11): CodeIgniter\BaseModel->findAll()
 6 APPPATH/Controllers/Product.php(11): App\Models\Product_model->getProduct()
 7 SYSTEMPATH/CodeIgniter.php(942): App\Controllers\Product->index()
 8 SYSTEMPATH/CodeIgniter.php(502): CodeIgniter\CodeIgniter->runController(Object(App\Controllers\Product))
 9 SYSTEMPATH/CodeIgniter.php(361): CodeIgniter\CodeIgniter->handleRequest(null, Object(Config\Cache), false)
10 FCPATH/index.php(79): CodeIgniter\CodeIgniter->run()
11 SYSTEMPATH/Commands/Server/rewrite.php(47): require_once('/Users/user/dev/simple-crud-ci4/public/index.php')
ERROR - 2023-12-15 04:07:02 --> Error connecting to the database: mysqli_sql_exception: Access denied for user ''@'localhost' (using password: NO) in /Users/user/dev/simple-crud-ci4/vendor/codeigniter4/framework/system/Database/MySQLi/Connection.php:184
Stack trace:
#0 /Users/user/dev/simple-crud-ci4/vendor/codeigniter4/framework/system/Database/MySQLi/Connection.php(184): mysqli->real_connect('localhost', '', Object(SensitiveParameterValue), '', 3306, '', 0)
#1 /Users/user/dev/simple-crud-ci4/vendor/codeigniter4/framework/system/Database/BaseConnection.php(392): CodeIgniter\Database\MySQLi\Connection->connect(false)
#2 /Users/user/dev/simple-crud-ci4/vendor/codeigniter4/framework/system/Database/BaseConnection.php(575): CodeIgniter\Database\BaseConnection->initialize()
#3 /Users/user/dev/simple-crud-ci4/vendor/codeigniter4/framework/system/Database/BaseBuilder.php(1615): CodeIgniter\Database\BaseConnection->query('SELECT *\nFROM `...', Array, false)
#4 /Users/user/dev/simple-crud-ci4/vendor/codeigniter4/framework/system/Model.php(237): CodeIgniter\Database\BaseBuilder->get()
#5 /Users/user/dev/simple-crud-ci4/vendor/codeigniter4/framework/system/BaseModel.php(624): CodeIgniter\Model->doFindAll(0, 0)
#6 /Users/user/dev/simple-crud-ci4/app/Models/Product_model.php(11): CodeIgniter\BaseModel->findAll()
#7 /Users/user/dev/simple-crud-ci4/app/Controllers/Product.php(11): App\Models\Product_model->getProduct()
#8 /Users/user/dev/simple-crud-ci4/vendor/codeigniter4/framework/system/CodeIgniter.php(942): App\Controllers\Product->index()
#9 /Users/user/dev/simple-crud-ci4/vendor/codeigniter4/framework/system/CodeIgniter.php(502): CodeIgniter\CodeIgniter->runController(Object(App\Controllers\Product))
#10 /Users/user/dev/simple-crud-ci4/vendor/codeigniter4/framework/system/CodeIgniter.php(361): CodeIgniter\CodeIgniter->handleRequest(NULL, Object(Config\Cache), false)
#11 /Users/user/dev/simple-crud-ci4/public/index.php(79): CodeIgniter\CodeIgniter->run()
#12 /Users/user/dev/simple-crud-ci4/vendor/codeigniter4/framework/system/Commands/Server/rewrite.php(47): require_once('/Users/user/dev...')
#13 {main}

Next CodeIgniter\Database\Exceptions\DatabaseException: Access denied for user ''@'localhost' (using password: NO) in /Users/user/dev/simple-crud-ci4/vendor/codeigniter4/framework/system/Database/MySQLi/Connection.php:229
Stack trace:
#0 /Users/user/dev/simple-crud-ci4/vendor/codeigniter4/framework/system/Database/BaseConnection.php(392): CodeIgniter\Database\MySQLi\Connection->connect(false)
#1 /Users/user/dev/simple-crud-ci4/vendor/codeigniter4/framework/system/Database/BaseConnection.php(575): CodeIgniter\Database\BaseConnection->initialize()
#2 /Users/user/dev/simple-crud-ci4/vendor/codeigniter4/framework/system/Database/BaseBuilder.php(1615): CodeIgniter\Database\BaseConnection->query('SELECT *\nFROM `...', Array, false)
#3 /Users/user/dev/simple-crud-ci4/vendor/codeigniter4/framework/system/Model.php(237): CodeIgniter\Database\BaseBuilder->get()
#4 /Users/user/dev/simple-crud-ci4/vendor/codeigniter4/framework/system/BaseModel.php(624): CodeIgniter\Model->doFindAll(0, 0)
#5 /Users/user/dev/simple-crud-ci4/app/Models/Product_model.php(11): CodeIgniter\BaseModel->findAll()
#6 /Users/user/dev/simple-crud-ci4/app/Controllers/Product.php(11): App\Models\Product_model->getProduct()
#7 /Users/user/dev/simple-crud-ci4/vendor/codeigniter4/framework/system/CodeIgniter.php(942): App\Controllers\Product->index()
#8 /Users/user/dev/simple-crud-ci4/vendor/codeigniter4/framework/system/CodeIgniter.php(502): CodeIgniter\CodeIgniter->runController(Object(App\Controllers\Product))
#9 /Users/user/dev/simple-crud-ci4/vendor/codeigniter4/framework/system/CodeIgniter.php(361): CodeIgniter\CodeIgniter->handleRequest(NULL, Object(Config\Cache), false)
#10 /Users/user/dev/simple-crud-ci4/public/index.php(79): CodeIgniter\CodeIgniter->run()
#11 /Users/user/dev/simple-crud-ci4/vendor/codeigniter4/framework/system/Commands/Server/rewrite.php(47): require_once('/Users/user/dev...')
#12 {main}
CRITICAL - 2023-12-15 04:07:02 --> Unable to connect to the database.
Main connection [MySQLi]: Access denied for user ''@'localhost' (using password: NO)
in SYSTEMPATH/Database/BaseConnection.php on line 428.
 1 SYSTEMPATH/Database/BaseConnection.php(575): CodeIgniter\Database\BaseConnection->initialize()
 2 SYSTEMPATH/Database/BaseBuilder.php(1615): CodeIgniter\Database\BaseConnection->query('SELECT *
FROM `product`', [], false)
 3 SYSTEMPATH/Model.php(237): CodeIgniter\Database\BaseBuilder->get()
 4 SYSTEMPATH/BaseModel.php(624): CodeIgniter\Model->doFindAll(0, 0)
 5 APPPATH/Models/Product_model.php(11): CodeIgniter\BaseModel->findAll()
 6 APPPATH/Controllers/Product.php(11): App\Models\Product_model->getProduct()
 7 SYSTEMPATH/CodeIgniter.php(942): App\Controllers\Product->index()
 8 SYSTEMPATH/CodeIgniter.php(502): CodeIgniter\CodeIgniter->runController(Object(App\Controllers\Product))
 9 SYSTEMPATH/CodeIgniter.php(361): CodeIgniter\CodeIgniter->handleRequest(null, Object(Config\Cache), false)
10 FCPATH/index.php(79): CodeIgniter\CodeIgniter->run()
11 SYSTEMPATH/Commands/Server/rewrite.php(47): require_once('/Users/user/dev/simple-crud-ci4/public/index.php')
ERROR - 2023-12-15 04:07:03 --> Error connecting to the database: mysqli_sql_exception: Access denied for user ''@'localhost' (using password: NO) in /Users/user/dev/simple-crud-ci4/vendor/codeigniter4/framework/system/Database/MySQLi/Connection.php:184
Stack trace:
#0 /Users/user/dev/simple-crud-ci4/vendor/codeigniter4/framework/system/Database/MySQLi/Connection.php(184): mysqli->real_connect('localhost', '', Object(SensitiveParameterValue), '', 3306, '', 0)
#1 /Users/user/dev/simple-crud-ci4/vendor/codeigniter4/framework/system/Database/BaseConnection.php(392): CodeIgniter\Database\MySQLi\Connection->connect(false)
#2 /Users/user/dev/simple-crud-ci4/vendor/codeigniter4/framework/system/Database/BaseConnection.php(575): CodeIgniter\Database\BaseConnection->initialize()
#3 /Users/user/dev/simple-crud-ci4/vendor/codeigniter4/framework/system/Database/BaseBuilder.php(1615): CodeIgniter\Database\BaseConnection->query('SELECT *\nFROM `...', Array, false)
#4 /Users/user/dev/simple-crud-ci4/vendor/codeigniter4/framework/system/Model.php(237): CodeIgniter\Database\BaseBuilder->get()
#5 /Users/user/dev/simple-crud-ci4/vendor/codeigniter4/framework/system/BaseModel.php(624): CodeIgniter\Model->doFindAll(0, 0)
#6 /Users/user/dev/simple-crud-ci4/app/Models/Product_model.php(11): CodeIgniter\BaseModel->findAll()
#7 /Users/user/dev/simple-crud-ci4/app/Controllers/Product.php(11): App\Models\Product_model->getProduct()
#8 /Users/user/dev/simple-crud-ci4/vendor/codeigniter4/framework/system/CodeIgniter.php(942): App\Controllers\Product->index()
#9 /Users/user/dev/simple-crud-ci4/vendor/codeigniter4/framework/system/CodeIgniter.php(502): CodeIgniter\CodeIgniter->runController(Object(App\Controllers\Product))
#10 /Users/user/dev/simple-crud-ci4/vendor/codeigniter4/framework/system/CodeIgniter.php(361): CodeIgniter\CodeIgniter->handleRequest(NULL, Object(Config\Cache), false)
#11 /Users/user/dev/simple-crud-ci4/public/index.php(79): CodeIgniter\CodeIgniter->run()
#12 /Users/user/dev/simple-crud-ci4/vendor/codeigniter4/framework/system/Commands/Server/rewrite.php(47): require_once('/Users/user/dev...')
#13 {main}

Next CodeIgniter\Database\Exceptions\DatabaseException: Access denied for user ''@'localhost' (using password: NO) in /Users/user/dev/simple-crud-ci4/vendor/codeigniter4/framework/system/Database/MySQLi/Connection.php:229
Stack trace:
#0 /Users/user/dev/simple-crud-ci4/vendor/codeigniter4/framework/system/Database/BaseConnection.php(392): CodeIgniter\Database\MySQLi\Connection->connect(false)
#1 /Users/user/dev/simple-crud-ci4/vendor/codeigniter4/framework/system/Database/BaseConnection.php(575): CodeIgniter\Database\BaseConnection->initialize()
#2 /Users/user/dev/simple-crud-ci4/vendor/codeigniter4/framework/system/Database/BaseBuilder.php(1615): CodeIgniter\Database\BaseConnection->query('SELECT *\nFROM `...', Array, false)
#3 /Users/user/dev/simple-crud-ci4/vendor/codeigniter4/framework/system/Model.php(237): CodeIgniter\Database\BaseBuilder->get()
#4 /Users/user/dev/simple-crud-ci4/vendor/codeigniter4/framework/system/BaseModel.php(624): CodeIgniter\Model->doFindAll(0, 0)
#5 /Users/user/dev/simple-crud-ci4/app/Models/Product_model.php(11): CodeIgniter\BaseModel->findAll()
#6 /Users/user/dev/simple-crud-ci4/app/Controllers/Product.php(11): App\Models\Product_model->getProduct()
#7 /Users/user/dev/simple-crud-ci4/vendor/codeigniter4/framework/system/CodeIgniter.php(942): App\Controllers\Product->index()
#8 /Users/user/dev/simple-crud-ci4/vendor/codeigniter4/framework/system/CodeIgniter.php(502): CodeIgniter\CodeIgniter->runController(Object(App\Controllers\Product))
#9 /Users/user/dev/simple-crud-ci4/vendor/codeigniter4/framework/system/CodeIgniter.php(361): CodeIgniter\CodeIgniter->handleRequest(NULL, Object(Config\Cache), false)
#10 /Users/user/dev/simple-crud-ci4/public/index.php(79): CodeIgniter\CodeIgniter->run()
#11 /Users/user/dev/simple-crud-ci4/vendor/codeigniter4/framework/system/Commands/Server/rewrite.php(47): require_once('/Users/user/dev...')
#12 {main}
CRITICAL - 2023-12-15 04:07:03 --> Unable to connect to the database.
Main connection [MySQLi]: Access denied for user ''@'localhost' (using password: NO)
in SYSTEMPATH/Database/BaseConnection.php on line 428.
 1 SYSTEMPATH/Database/BaseConnection.php(575): CodeIgniter\Database\BaseConnection->initialize()
 2 SYSTEMPATH/Database/BaseBuilder.php(1615): CodeIgniter\Database\BaseConnection->query('SELECT *
FROM `product`', [], false)
 3 SYSTEMPATH/Model.php(237): CodeIgniter\Database\BaseBuilder->get()
 4 SYSTEMPATH/BaseModel.php(624): CodeIgniter\Model->doFindAll(0, 0)
 5 APPPATH/Models/Product_model.php(11): CodeIgniter\BaseModel->findAll()
 6 APPPATH/Controllers/Product.php(11): App\Models\Product_model->getProduct()
 7 SYSTEMPATH/CodeIgniter.php(942): App\Controllers\Product->index()
 8 SYSTEMPATH/CodeIgniter.php(502): CodeIgniter\CodeIgniter->runController(Object(App\Controllers\Product))
 9 SYSTEMPATH/CodeIgniter.php(361): CodeIgniter\CodeIgniter->handleRequest(null, Object(Config\Cache), false)
10 FCPATH/index.php(79): CodeIgniter\CodeIgniter->run()
11 SYSTEMPATH/Commands/Server/rewrite.php(47): require_once('/Users/user/dev/simple-crud-ci4/public/index.php')
ERROR - 2023-12-15 04:07:04 --> Error connecting to the database: mysqli_sql_exception: Access denied for user ''@'localhost' (using password: NO) in /Users/user/dev/simple-crud-ci4/vendor/codeigniter4/framework/system/Database/MySQLi/Connection.php:184
Stack trace:
#0 /Users/user/dev/simple-crud-ci4/vendor/codeigniter4/framework/system/Database/MySQLi/Connection.php(184): mysqli->real_connect('localhost', '', Object(SensitiveParameterValue), '', 3306, '', 0)
#1 /Users/user/dev/simple-crud-ci4/vendor/codeigniter4/framework/system/Database/BaseConnection.php(392): CodeIgniter\Database\MySQLi\Connection->connect(false)
#2 /Users/user/dev/simple-crud-ci4/vendor/codeigniter4/framework/system/Database/BaseConnection.php(575): CodeIgniter\Database\BaseConnection->initialize()
#3 /Users/user/dev/simple-crud-ci4/vendor/codeigniter4/framework/system/Database/BaseBuilder.php(1615): CodeIgniter\Database\BaseConnection->query('SELECT *\nFROM `...', Array, false)
#4 /Users/user/dev/simple-crud-ci4/vendor/codeigniter4/framework/system/Model.php(237): CodeIgniter\Database\BaseBuilder->get()
#5 /Users/user/dev/simple-crud-ci4/vendor/codeigniter4/framework/system/BaseModel.php(624): CodeIgniter\Model->doFindAll(0, 0)
#6 /Users/user/dev/simple-crud-ci4/app/Models/Product_model.php(11): CodeIgniter\BaseModel->findAll()
#7 /Users/user/dev/simple-crud-ci4/app/Controllers/Product.php(11): App\Models\Product_model->getProduct()
#8 /Users/user/dev/simple-crud-ci4/vendor/codeigniter4/framework/system/CodeIgniter.php(942): App\Controllers\Product->index()
#9 /Users/user/dev/simple-crud-ci4/vendor/codeigniter4/framework/system/CodeIgniter.php(502): CodeIgniter\CodeIgniter->runController(Object(App\Controllers\Product))
#10 /Users/user/dev/simple-crud-ci4/vendor/codeigniter4/framework/system/CodeIgniter.php(361): CodeIgniter\CodeIgniter->handleRequest(NULL, Object(Config\Cache), false)
#11 /Users/user/dev/simple-crud-ci4/public/index.php(79): CodeIgniter\CodeIgniter->run()
#12 /Users/user/dev/simple-crud-ci4/vendor/codeigniter4/framework/system/Commands/Server/rewrite.php(47): require_once('/Users/user/dev...')
#13 {main}

Next CodeIgniter\Database\Exceptions\DatabaseException: Access denied for user ''@'localhost' (using password: NO) in /Users/user/dev/simple-crud-ci4/vendor/codeigniter4/framework/system/Database/MySQLi/Connection.php:229
Stack trace:
#0 /Users/user/dev/simple-crud-ci4/vendor/codeigniter4/framework/system/Database/BaseConnection.php(392): CodeIgniter\Database\MySQLi\Connection->connect(false)
#1 /Users/user/dev/simple-crud-ci4/vendor/codeigniter4/framework/system/Database/BaseConnection.php(575): CodeIgniter\Database\BaseConnection->initialize()
#2 /Users/user/dev/simple-crud-ci4/vendor/codeigniter4/framework/system/Database/BaseBuilder.php(1615): CodeIgniter\Database\BaseConnection->query('SELECT *\nFROM `...', Array, false)
#3 /Users/user/dev/simple-crud-ci4/vendor/codeigniter4/framework/system/Model.php(237): CodeIgniter\Database\BaseBuilder->get()
#4 /Users/user/dev/simple-crud-ci4/vendor/codeigniter4/framework/system/BaseModel.php(624): CodeIgniter\Model->doFindAll(0, 0)
#5 /Users/user/dev/simple-crud-ci4/app/Models/Product_model.php(11): CodeIgniter\BaseModel->findAll()
#6 /Users/user/dev/simple-crud-ci4/app/Controllers/Product.php(11): App\Models\Product_model->getProduct()
#7 /Users/user/dev/simple-crud-ci4/vendor/codeigniter4/framework/system/CodeIgniter.php(942): App\Controllers\Product->index()
#8 /Users/user/dev/simple-crud-ci4/vendor/codeigniter4/framework/system/CodeIgniter.php(502): CodeIgniter\CodeIgniter->runController(Object(App\Controllers\Product))
#9 /Users/user/dev/simple-crud-ci4/vendor/codeigniter4/framework/system/CodeIgniter.php(361): CodeIgniter\CodeIgniter->handleRequest(NULL, Object(Config\Cache), false)
#10 /Users/user/dev/simple-crud-ci4/public/index.php(79): CodeIgniter\CodeIgniter->run()
#11 /Users/user/dev/simple-crud-ci4/vendor/codeigniter4/framework/system/Commands/Server/rewrite.php(47): require_once('/Users/user/dev...')
#12 {main}
CRITICAL - 2023-12-15 04:07:04 --> Unable to connect to the database.
Main connection [MySQLi]: Access denied for user ''@'localhost' (using password: NO)
in SYSTEMPATH/Database/BaseConnection.php on line 428.
 1 SYSTEMPATH/Database/BaseConnection.php(575): CodeIgniter\Database\BaseConnection->initialize()
 2 SYSTEMPATH/Database/BaseBuilder.php(1615): CodeIgniter\Database\BaseConnection->query('SELECT *
FROM `product`', [], false)
 3 SYSTEMPATH/Model.php(237): CodeIgniter\Database\BaseBuilder->get()
 4 SYSTEMPATH/BaseModel.php(624): CodeIgniter\Model->doFindAll(0, 0)
 5 APPPATH/Models/Product_model.php(11): CodeIgniter\BaseModel->findAll()
 6 APPPATH/Controllers/Product.php(11): App\Models\Product_model->getProduct()
 7 SYSTEMPATH/CodeIgniter.php(942): App\Controllers\Product->index()
 8 SYSTEMPATH/CodeIgniter.php(502): CodeIgniter\CodeIgniter->runController(Object(App\Controllers\Product))
 9 SYSTEMPATH/CodeIgniter.php(361): CodeIgniter\CodeIgniter->handleRequest(null, Object(Config\Cache), false)
10 FCPATH/index.php(79): CodeIgniter\CodeIgniter->run()
11 SYSTEMPATH/Commands/Server/rewrite.php(47): require_once('/Users/user/dev/simple-crud-ci4/public/index.php')
ERROR - 2023-12-15 04:07:04 --> Error connecting to the database: mysqli_sql_exception: Access denied for user ''@'localhost' (using password: NO) in /Users/user/dev/simple-crud-ci4/vendor/codeigniter4/framework/system/Database/MySQLi/Connection.php:184
Stack trace:
#0 /Users/user/dev/simple-crud-ci4/vendor/codeigniter4/framework/system/Database/MySQLi/Connection.php(184): mysqli->real_connect('localhost', '', Object(SensitiveParameterValue), '', 3306, '', 0)
#1 /Users/user/dev/simple-crud-ci4/vendor/codeigniter4/framework/system/Database/BaseConnection.php(392): CodeIgniter\Database\MySQLi\Connection->connect(false)
#2 /Users/user/dev/simple-crud-ci4/vendor/codeigniter4/framework/system/Database/BaseConnection.php(575): CodeIgniter\Database\BaseConnection->initialize()
#3 /Users/user/dev/simple-crud-ci4/vendor/codeigniter4/framework/system/Database/BaseBuilder.php(1615): CodeIgniter\Database\BaseConnection->query('SELECT *\nFROM `...', Array, false)
#4 /Users/user/dev/simple-crud-ci4/vendor/codeigniter4/framework/system/Model.php(237): CodeIgniter\Database\BaseBuilder->get()
#5 /Users/user/dev/simple-crud-ci4/vendor/codeigniter4/framework/system/BaseModel.php(624): CodeIgniter\Model->doFindAll(0, 0)
#6 /Users/user/dev/simple-crud-ci4/app/Models/Product_model.php(11): CodeIgniter\BaseModel->findAll()
#7 /Users/user/dev/simple-crud-ci4/app/Controllers/Product.php(11): App\Models\Product_model->getProduct()
#8 /Users/user/dev/simple-crud-ci4/vendor/codeigniter4/framework/system/CodeIgniter.php(942): App\Controllers\Product->index()
#9 /Users/user/dev/simple-crud-ci4/vendor/codeigniter4/framework/system/CodeIgniter.php(502): CodeIgniter\CodeIgniter->runController(Object(App\Controllers\Product))
#10 /Users/user/dev/simple-crud-ci4/vendor/codeigniter4/framework/system/CodeIgniter.php(361): CodeIgniter\CodeIgniter->handleRequest(NULL, Object(Config\Cache), false)
#11 /Users/user/dev/simple-crud-ci4/public/index.php(79): CodeIgniter\CodeIgniter->run()
#12 /Users/user/dev/simple-crud-ci4/vendor/codeigniter4/framework/system/Commands/Server/rewrite.php(47): require_once('/Users/user/dev...')
#13 {main}

Next CodeIgniter\Database\Exceptions\DatabaseException: Access denied for user ''@'localhost' (using password: NO) in /Users/user/dev/simple-crud-ci4/vendor/codeigniter4/framework/system/Database/MySQLi/Connection.php:229
Stack trace:
#0 /Users/user/dev/simple-crud-ci4/vendor/codeigniter4/framework/system/Database/BaseConnection.php(392): CodeIgniter\Database\MySQLi\Connection->connect(false)
#1 /Users/user/dev/simple-crud-ci4/vendor/codeigniter4/framework/system/Database/BaseConnection.php(575): CodeIgniter\Database\BaseConnection->initialize()
#2 /Users/user/dev/simple-crud-ci4/vendor/codeigniter4/framework/system/Database/BaseBuilder.php(1615): CodeIgniter\Database\BaseConnection->query('SELECT *\nFROM `...', Array, false)
#3 /Users/user/dev/simple-crud-ci4/vendor/codeigniter4/framework/system/Model.php(237): CodeIgniter\Database\BaseBuilder->get()
#4 /Users/user/dev/simple-crud-ci4/vendor/codeigniter4/framework/system/BaseModel.php(624): CodeIgniter\Model->doFindAll(0, 0)
#5 /Users/user/dev/simple-crud-ci4/app/Models/Product_model.php(11): CodeIgniter\BaseModel->findAll()
#6 /Users/user/dev/simple-crud-ci4/app/Controllers/Product.php(11): App\Models\Product_model->getProduct()
#7 /Users/user/dev/simple-crud-ci4/vendor/codeigniter4/framework/system/CodeIgniter.php(942): App\Controllers\Product->index()
#8 /Users/user/dev/simple-crud-ci4/vendor/codeigniter4/framework/system/CodeIgniter.php(502): CodeIgniter\CodeIgniter->runController(Object(App\Controllers\Product))
#9 /Users/user/dev/simple-crud-ci4/vendor/codeigniter4/framework/system/CodeIgniter.php(361): CodeIgniter\CodeIgniter->handleRequest(NULL, Object(Config\Cache), false)
#10 /Users/user/dev/simple-crud-ci4/public/index.php(79): CodeIgniter\CodeIgniter->run()
#11 /Users/user/dev/simple-crud-ci4/vendor/codeigniter4/framework/system/Commands/Server/rewrite.php(47): require_once('/Users/user/dev...')
#12 {main}
CRITICAL - 2023-12-15 04:07:04 --> Unable to connect to the database.
Main connection [MySQLi]: Access denied for user ''@'localhost' (using password: NO)
in SYSTEMPATH/Database/BaseConnection.php on line 428.
 1 SYSTEMPATH/Database/BaseConnection.php(575): CodeIgniter\Database\BaseConnection->initialize()
 2 SYSTEMPATH/Database/BaseBuilder.php(1615): CodeIgniter\Database\BaseConnection->query('SELECT *
FROM `product`', [], false)
 3 SYSTEMPATH/Model.php(237): CodeIgniter\Database\BaseBuilder->get()
 4 SYSTEMPATH/BaseModel.php(624): CodeIgniter\Model->doFindAll(0, 0)
 5 APPPATH/Models/Product_model.php(11): CodeIgniter\BaseModel->findAll()
 6 APPPATH/Controllers/Product.php(11): App\Models\Product_model->getProduct()
 7 SYSTEMPATH/CodeIgniter.php(942): App\Controllers\Product->index()
 8 SYSTEMPATH/CodeIgniter.php(502): CodeIgniter\CodeIgniter->runController(Object(App\Controllers\Product))
 9 SYSTEMPATH/CodeIgniter.php(361): CodeIgniter\CodeIgniter->handleRequest(null, Object(Config\Cache), false)
10 FCPATH/index.php(79): CodeIgniter\CodeIgniter->run()
11 SYSTEMPATH/Commands/Server/rewrite.php(47): require_once('/Users/user/dev/simple-crud-ci4/public/index.php')
ERROR - 2023-12-15 04:07:04 --> Error connecting to the database: mysqli_sql_exception: Access denied for user ''@'localhost' (using password: NO) in /Users/user/dev/simple-crud-ci4/vendor/codeigniter4/framework/system/Database/MySQLi/Connection.php:184
Stack trace:
#0 /Users/user/dev/simple-crud-ci4/vendor/codeigniter4/framework/system/Database/MySQLi/Connection.php(184): mysqli->real_connect('localhost', '', Object(SensitiveParameterValue), '', 3306, '', 0)
#1 /Users/user/dev/simple-crud-ci4/vendor/codeigniter4/framework/system/Database/BaseConnection.php(392): CodeIgniter\Database\MySQLi\Connection->connect(false)
#2 /Users/user/dev/simple-crud-ci4/vendor/codeigniter4/framework/system/Database/BaseConnection.php(575): CodeIgniter\Database\BaseConnection->initialize()
#3 /Users/user/dev/simple-crud-ci4/vendor/codeigniter4/framework/system/Database/BaseBuilder.php(1615): CodeIgniter\Database\BaseConnection->query('SELECT *\nFROM `...', Array, false)
#4 /Users/user/dev/simple-crud-ci4/vendor/codeigniter4/framework/system/Model.php(237): CodeIgniter\Database\BaseBuilder->get()
#5 /Users/user/dev/simple-crud-ci4/vendor/codeigniter4/framework/system/BaseModel.php(624): CodeIgniter\Model->doFindAll(0, 0)
#6 /Users/user/dev/simple-crud-ci4/app/Models/Product_model.php(11): CodeIgniter\BaseModel->findAll()
#7 /Users/user/dev/simple-crud-ci4/app/Controllers/Product.php(11): App\Models\Product_model->getProduct()
#8 /Users/user/dev/simple-crud-ci4/vendor/codeigniter4/framework/system/CodeIgniter.php(942): App\Controllers\Product->index()
#9 /Users/user/dev/simple-crud-ci4/vendor/codeigniter4/framework/system/CodeIgniter.php(502): CodeIgniter\CodeIgniter->runController(Object(App\Controllers\Product))
#10 /Users/user/dev/simple-crud-ci4/vendor/codeigniter4/framework/system/CodeIgniter.php(361): CodeIgniter\CodeIgniter->handleRequest(NULL, Object(Config\Cache), false)
#11 /Users/user/dev/simple-crud-ci4/public/index.php(79): CodeIgniter\CodeIgniter->run()
#12 /Users/user/dev/simple-crud-ci4/vendor/codeigniter4/framework/system/Commands/Server/rewrite.php(47): require_once('/Users/user/dev...')
#13 {main}

Next CodeIgniter\Database\Exceptions\DatabaseException: Access denied for user ''@'localhost' (using password: NO) in /Users/user/dev/simple-crud-ci4/vendor/codeigniter4/framework/system/Database/MySQLi/Connection.php:229
Stack trace:
#0 /Users/user/dev/simple-crud-ci4/vendor/codeigniter4/framework/system/Database/BaseConnection.php(392): CodeIgniter\Database\MySQLi\Connection->connect(false)
#1 /Users/user/dev/simple-crud-ci4/vendor/codeigniter4/framework/system/Database/BaseConnection.php(575): CodeIgniter\Database\BaseConnection->initialize()
#2 /Users/user/dev/simple-crud-ci4/vendor/codeigniter4/framework/system/Database/BaseBuilder.php(1615): CodeIgniter\Database\BaseConnection->query('SELECT *\nFROM `...', Array, false)
#3 /Users/user/dev/simple-crud-ci4/vendor/codeigniter4/framework/system/Model.php(237): CodeIgniter\Database\BaseBuilder->get()
#4 /Users/user/dev/simple-crud-ci4/vendor/codeigniter4/framework/system/BaseModel.php(624): CodeIgniter\Model->doFindAll(0, 0)
#5 /Users/user/dev/simple-crud-ci4/app/Models/Product_model.php(11): CodeIgniter\BaseModel->findAll()
#6 /Users/user/dev/simple-crud-ci4/app/Controllers/Product.php(11): App\Models\Product_model->getProduct()
#7 /Users/user/dev/simple-crud-ci4/vendor/codeigniter4/framework/system/CodeIgniter.php(942): App\Controllers\Product->index()
#8 /Users/user/dev/simple-crud-ci4/vendor/codeigniter4/framework/system/CodeIgniter.php(502): CodeIgniter\CodeIgniter->runController(Object(App\Controllers\Product))
#9 /Users/user/dev/simple-crud-ci4/vendor/codeigniter4/framework/system/CodeIgniter.php(361): CodeIgniter\CodeIgniter->handleRequest(NULL, Object(Config\Cache), false)
#10 /Users/user/dev/simple-crud-ci4/public/index.php(79): CodeIgniter\CodeIgniter->run()
#11 /Users/user/dev/simple-crud-ci4/vendor/codeigniter4/framework/system/Commands/Server/rewrite.php(47): require_once('/Users/user/dev...')
#12 {main}
CRITICAL - 2023-12-15 04:07:04 --> Unable to connect to the database.
Main connection [MySQLi]: Access denied for user ''@'localhost' (using password: NO)
in SYSTEMPATH/Database/BaseConnection.php on line 428.
 1 SYSTEMPATH/Database/BaseConnection.php(575): CodeIgniter\Database\BaseConnection->initialize()
 2 SYSTEMPATH/Database/BaseBuilder.php(1615): CodeIgniter\Database\BaseConnection->query('SELECT *
FROM `product`', [], false)
 3 SYSTEMPATH/Model.php(237): CodeIgniter\Database\BaseBuilder->get()
 4 SYSTEMPATH/BaseModel.php(624): CodeIgniter\Model->doFindAll(0, 0)
 5 APPPATH/Models/Product_model.php(11): CodeIgniter\BaseModel->findAll()
 6 APPPATH/Controllers/Product.php(11): App\Models\Product_model->getProduct()
 7 SYSTEMPATH/CodeIgniter.php(942): App\Controllers\Product->index()
 8 SYSTEMPATH/CodeIgniter.php(502): CodeIgniter\CodeIgniter->runController(Object(App\Controllers\Product))
 9 SYSTEMPATH/CodeIgniter.php(361): CodeIgniter\CodeIgniter->handleRequest(null, Object(Config\Cache), false)
10 FCPATH/index.php(79): CodeIgniter\CodeIgniter->run()
11 SYSTEMPATH/Commands/Server/rewrite.php(47): require_once('/Users/user/dev/simple-crud-ci4/public/index.php')
ERROR - 2023-12-15 04:07:16 --> Error connecting to the database: mysqli_sql_exception: Access denied for user ''@'localhost' (using password: NO) in /Users/user/dev/simple-crud-ci4/vendor/codeigniter4/framework/system/Database/MySQLi/Connection.php:184
Stack trace:
#0 /Users/user/dev/simple-crud-ci4/vendor/codeigniter4/framework/system/Database/MySQLi/Connection.php(184): mysqli->real_connect('localhost', '', Object(SensitiveParameterValue), '', 3306, '', 0)
#1 /Users/user/dev/simple-crud-ci4/vendor/codeigniter4/framework/system/Database/BaseConnection.php(392): CodeIgniter\Database\MySQLi\Connection->connect(false)
#2 /Users/user/dev/simple-crud-ci4/vendor/codeigniter4/framework/system/Database/BaseConnection.php(575): CodeIgniter\Database\BaseConnection->initialize()
#3 /Users/user/dev/simple-crud-ci4/vendor/codeigniter4/framework/system/Database/BaseBuilder.php(1615): CodeIgniter\Database\BaseConnection->query('SELECT *\nFROM `...', Array, false)
#4 /Users/user/dev/simple-crud-ci4/vendor/codeigniter4/framework/system/Model.php(237): CodeIgniter\Database\BaseBuilder->get()
#5 /Users/user/dev/simple-crud-ci4/vendor/codeigniter4/framework/system/BaseModel.php(624): CodeIgniter\Model->doFindAll(0, 0)
#6 /Users/user/dev/simple-crud-ci4/app/Models/Product_model.php(11): CodeIgniter\BaseModel->findAll()
#7 /Users/user/dev/simple-crud-ci4/app/Controllers/Product.php(11): App\Models\Product_model->getProduct()
#8 /Users/user/dev/simple-crud-ci4/vendor/codeigniter4/framework/system/CodeIgniter.php(942): App\Controllers\Product->index()
#9 /Users/user/dev/simple-crud-ci4/vendor/codeigniter4/framework/system/CodeIgniter.php(502): CodeIgniter\CodeIgniter->runController(Object(App\Controllers\Product))
#10 /Users/user/dev/simple-crud-ci4/vendor/codeigniter4/framework/system/CodeIgniter.php(361): CodeIgniter\CodeIgniter->handleRequest(NULL, Object(Config\Cache), false)
#11 /Users/user/dev/simple-crud-ci4/public/index.php(79): CodeIgniter\CodeIgniter->run()
#12 /Users/user/dev/simple-crud-ci4/vendor/codeigniter4/framework/system/Commands/Server/rewrite.php(47): require_once('/Users/user/dev...')
#13 {main}

Next CodeIgniter\Database\Exceptions\DatabaseException: Access denied for user ''@'localhost' (using password: NO) in /Users/user/dev/simple-crud-ci4/vendor/codeigniter4/framework/system/Database/MySQLi/Connection.php:229
Stack trace:
#0 /Users/user/dev/simple-crud-ci4/vendor/codeigniter4/framework/system/Database/BaseConnection.php(392): CodeIgniter\Database\MySQLi\Connection->connect(false)
#1 /Users/user/dev/simple-crud-ci4/vendor/codeigniter4/framework/system/Database/BaseConnection.php(575): CodeIgniter\Database\BaseConnection->initialize()
#2 /Users/user/dev/simple-crud-ci4/vendor/codeigniter4/framework/system/Database/BaseBuilder.php(1615): CodeIgniter\Database\BaseConnection->query('SELECT *\nFROM `...', Array, false)
#3 /Users/user/dev/simple-crud-ci4/vendor/codeigniter4/framework/system/Model.php(237): CodeIgniter\Database\BaseBuilder->get()
#4 /Users/user/dev/simple-crud-ci4/vendor/codeigniter4/framework/system/BaseModel.php(624): CodeIgniter\Model->doFindAll(0, 0)
#5 /Users/user/dev/simple-crud-ci4/app/Models/Product_model.php(11): CodeIgniter\BaseModel->findAll()
#6 /Users/user/dev/simple-crud-ci4/app/Controllers/Product.php(11): App\Models\Product_model->getProduct()
#7 /Users/user/dev/simple-crud-ci4/vendor/codeigniter4/framework/system/CodeIgniter.php(942): App\Controllers\Product->index()
#8 /Users/user/dev/simple-crud-ci4/vendor/codeigniter4/framework/system/CodeIgniter.php(502): CodeIgniter\CodeIgniter->runController(Object(App\Controllers\Product))
#9 /Users/user/dev/simple-crud-ci4/vendor/codeigniter4/framework/system/CodeIgniter.php(361): CodeIgniter\CodeIgniter->handleRequest(NULL, Object(Config\Cache), false)
#10 /Users/user/dev/simple-crud-ci4/public/index.php(79): CodeIgniter\CodeIgniter->run()
#11 /Users/user/dev/simple-crud-ci4/vendor/codeigniter4/framework/system/Commands/Server/rewrite.php(47): require_once('/Users/user/dev...')
#12 {main}
CRITICAL - 2023-12-15 04:07:16 --> Unable to connect to the database.
Main connection [MySQLi]: Access denied for user ''@'localhost' (using password: NO)
in SYSTEMPATH/Database/BaseConnection.php on line 428.
 1 SYSTEMPATH/Database/BaseConnection.php(575): CodeIgniter\Database\BaseConnection->initialize()
 2 SYSTEMPATH/Database/BaseBuilder.php(1615): CodeIgniter\Database\BaseConnection->query('SELECT *
FROM `product`', [], false)
 3 SYSTEMPATH/Model.php(237): CodeIgniter\Database\BaseBuilder->get()
 4 SYSTEMPATH/BaseModel.php(624): CodeIgniter\Model->doFindAll(0, 0)
 5 APPPATH/Models/Product_model.php(11): CodeIgniter\BaseModel->findAll()
 6 APPPATH/Controllers/Product.php(11): App\Models\Product_model->getProduct()
 7 SYSTEMPATH/CodeIgniter.php(942): App\Controllers\Product->index()
 8 SYSTEMPATH/CodeIgniter.php(502): CodeIgniter\CodeIgniter->runController(Object(App\Controllers\Product))
 9 SYSTEMPATH/CodeIgniter.php(361): CodeIgniter\CodeIgniter->handleRequest(null, Object(Config\Cache), false)
10 FCPATH/index.php(79): CodeIgniter\CodeIgniter->run()
11 SYSTEMPATH/Commands/Server/rewrite.php(47): require_once('/Users/user/dev/simple-crud-ci4/public/index.php')
ERROR - 2023-12-15 04:07:16 --> Error connecting to the database: mysqli_sql_exception: Access denied for user ''@'localhost' (using password: NO) in /Users/user/dev/simple-crud-ci4/vendor/codeigniter4/framework/system/Database/MySQLi/Connection.php:184
Stack trace:
#0 /Users/user/dev/simple-crud-ci4/vendor/codeigniter4/framework/system/Database/MySQLi/Connection.php(184): mysqli->real_connect('localhost', '', Object(SensitiveParameterValue), '', 3306, '', 0)
#1 /Users/user/dev/simple-crud-ci4/vendor/codeigniter4/framework/system/Database/BaseConnection.php(392): CodeIgniter\Database\MySQLi\Connection->connect(false)
#2 /Users/user/dev/simple-crud-ci4/vendor/codeigniter4/framework/system/Database/BaseConnection.php(575): CodeIgniter\Database\BaseConnection->initialize()
#3 /Users/user/dev/simple-crud-ci4/vendor/codeigniter4/framework/system/Database/BaseBuilder.php(1615): CodeIgniter\Database\BaseConnection->query('SELECT *\nFROM `...', Array, false)
#4 /Users/user/dev/simple-crud-ci4/vendor/codeigniter4/framework/system/Model.php(237): CodeIgniter\Database\BaseBuilder->get()
#5 /Users/user/dev/simple-crud-ci4/vendor/codeigniter4/framework/system/BaseModel.php(624): CodeIgniter\Model->doFindAll(0, 0)
#6 /Users/user/dev/simple-crud-ci4/app/Models/Product_model.php(11): CodeIgniter\BaseModel->findAll()
#7 /Users/user/dev/simple-crud-ci4/app/Controllers/Product.php(11): App\Models\Product_model->getProduct()
#8 /Users/user/dev/simple-crud-ci4/vendor/codeigniter4/framework/system/CodeIgniter.php(942): App\Controllers\Product->index()
#9 /Users/user/dev/simple-crud-ci4/vendor/codeigniter4/framework/system/CodeIgniter.php(502): CodeIgniter\CodeIgniter->runController(Object(App\Controllers\Product))
#10 /Users/user/dev/simple-crud-ci4/vendor/codeigniter4/framework/system/CodeIgniter.php(361): CodeIgniter\CodeIgniter->handleRequest(NULL, Object(Config\Cache), false)
#11 /Users/user/dev/simple-crud-ci4/public/index.php(79): CodeIgniter\CodeIgniter->run()
#12 /Users/user/dev/simple-crud-ci4/vendor/codeigniter4/framework/system/Commands/Server/rewrite.php(47): require_once('/Users/user/dev...')
#13 {main}

Next CodeIgniter\Database\Exceptions\DatabaseException: Access denied for user ''@'localhost' (using password: NO) in /Users/user/dev/simple-crud-ci4/vendor/codeigniter4/framework/system/Database/MySQLi/Connection.php:229
Stack trace:
#0 /Users/user/dev/simple-crud-ci4/vendor/codeigniter4/framework/system/Database/BaseConnection.php(392): CodeIgniter\Database\MySQLi\Connection->connect(false)
#1 /Users/user/dev/simple-crud-ci4/vendor/codeigniter4/framework/system/Database/BaseConnection.php(575): CodeIgniter\Database\BaseConnection->initialize()
#2 /Users/user/dev/simple-crud-ci4/vendor/codeigniter4/framework/system/Database/BaseBuilder.php(1615): CodeIgniter\Database\BaseConnection->query('SELECT *\nFROM `...', Array, false)
#3 /Users/user/dev/simple-crud-ci4/vendor/codeigniter4/framework/system/Model.php(237): CodeIgniter\Database\BaseBuilder->get()
#4 /Users/user/dev/simple-crud-ci4/vendor/codeigniter4/framework/system/BaseModel.php(624): CodeIgniter\Model->doFindAll(0, 0)
#5 /Users/user/dev/simple-crud-ci4/app/Models/Product_model.php(11): CodeIgniter\BaseModel->findAll()
#6 /Users/user/dev/simple-crud-ci4/app/Controllers/Product.php(11): App\Models\Product_model->getProduct()
#7 /Users/user/dev/simple-crud-ci4/vendor/codeigniter4/framework/system/CodeIgniter.php(942): App\Controllers\Product->index()
#8 /Users/user/dev/simple-crud-ci4/vendor/codeigniter4/framework/system/CodeIgniter.php(502): CodeIgniter\CodeIgniter->runController(Object(App\Controllers\Product))
#9 /Users/user/dev/simple-crud-ci4/vendor/codeigniter4/framework/system/CodeIgniter.php(361): CodeIgniter\CodeIgniter->handleRequest(NULL, Object(Config\Cache), false)
#10 /Users/user/dev/simple-crud-ci4/public/index.php(79): CodeIgniter\CodeIgniter->run()
#11 /Users/user/dev/simple-crud-ci4/vendor/codeigniter4/framework/system/Commands/Server/rewrite.php(47): require_once('/Users/user/dev...')
#12 {main}
CRITICAL - 2023-12-15 04:07:16 --> Unable to connect to the database.
Main connection [MySQLi]: Access denied for user ''@'localhost' (using password: NO)
in SYSTEMPATH/Database/BaseConnection.php on line 428.
 1 SYSTEMPATH/Database/BaseConnection.php(575): CodeIgniter\Database\BaseConnection->initialize()
 2 SYSTEMPATH/Database/BaseBuilder.php(1615): CodeIgniter\Database\BaseConnection->query('SELECT *
FROM `product`', [], false)
 3 SYSTEMPATH/Model.php(237): CodeIgniter\Database\BaseBuilder->get()
 4 SYSTEMPATH/BaseModel.php(624): CodeIgniter\Model->doFindAll(0, 0)
 5 APPPATH/Models/Product_model.php(11): CodeIgniter\BaseModel->findAll()
 6 APPPATH/Controllers/Product.php(11): App\Models\Product_model->getProduct()
 7 SYSTEMPATH/CodeIgniter.php(942): App\Controllers\Product->index()
 8 SYSTEMPATH/CodeIgniter.php(502): CodeIgniter\CodeIgniter->runController(Object(App\Controllers\Product))
 9 SYSTEMPATH/CodeIgniter.php(361): CodeIgniter\CodeIgniter->handleRequest(null, Object(Config\Cache), false)
10 FCPATH/index.php(79): CodeIgniter\CodeIgniter->run()
11 SYSTEMPATH/Commands/Server/rewrite.php(47): require_once('/Users/user/dev/simple-crud-ci4/public/index.php')
ERROR - 2023-12-15 04:07:17 --> Error connecting to the database: mysqli_sql_exception: Access denied for user ''@'localhost' (using password: NO) in /Users/user/dev/simple-crud-ci4/vendor/codeigniter4/framework/system/Database/MySQLi/Connection.php:184
Stack trace:
#0 /Users/user/dev/simple-crud-ci4/vendor/codeigniter4/framework/system/Database/MySQLi/Connection.php(184): mysqli->real_connect('localhost', '', Object(SensitiveParameterValue), '', 3306, '', 0)
#1 /Users/user/dev/simple-crud-ci4/vendor/codeigniter4/framework/system/Database/BaseConnection.php(392): CodeIgniter\Database\MySQLi\Connection->connect(false)
#2 /Users/user/dev/simple-crud-ci4/vendor/codeigniter4/framework/system/Database/BaseConnection.php(575): CodeIgniter\Database\BaseConnection->initialize()
#3 /Users/user/dev/simple-crud-ci4/vendor/codeigniter4/framework/system/Database/BaseBuilder.php(1615): CodeIgniter\Database\BaseConnection->query('SELECT *\nFROM `...', Array, false)
#4 /Users/user/dev/simple-crud-ci4/vendor/codeigniter4/framework/system/Model.php(237): CodeIgniter\Database\BaseBuilder->get()
#5 /Users/user/dev/simple-crud-ci4/vendor/codeigniter4/framework/system/BaseModel.php(624): CodeIgniter\Model->doFindAll(0, 0)
#6 /Users/user/dev/simple-crud-ci4/app/Models/Product_model.php(11): CodeIgniter\BaseModel->findAll()
#7 /Users/user/dev/simple-crud-ci4/app/Controllers/Product.php(11): App\Models\Product_model->getProduct()
#8 /Users/user/dev/simple-crud-ci4/vendor/codeigniter4/framework/system/CodeIgniter.php(942): App\Controllers\Product->index()
#9 /Users/user/dev/simple-crud-ci4/vendor/codeigniter4/framework/system/CodeIgniter.php(502): CodeIgniter\CodeIgniter->runController(Object(App\Controllers\Product))
#10 /Users/user/dev/simple-crud-ci4/vendor/codeigniter4/framework/system/CodeIgniter.php(361): CodeIgniter\CodeIgniter->handleRequest(NULL, Object(Config\Cache), false)
#11 /Users/user/dev/simple-crud-ci4/public/index.php(79): CodeIgniter\CodeIgniter->run()
#12 /Users/user/dev/simple-crud-ci4/vendor/codeigniter4/framework/system/Commands/Server/rewrite.php(47): require_once('/Users/user/dev...')
#13 {main}

Next CodeIgniter\Database\Exceptions\DatabaseException: Access denied for user ''@'localhost' (using password: NO) in /Users/user/dev/simple-crud-ci4/vendor/codeigniter4/framework/system/Database/MySQLi/Connection.php:229
Stack trace:
#0 /Users/user/dev/simple-crud-ci4/vendor/codeigniter4/framework/system/Database/BaseConnection.php(392): CodeIgniter\Database\MySQLi\Connection->connect(false)
#1 /Users/user/dev/simple-crud-ci4/vendor/codeigniter4/framework/system/Database/BaseConnection.php(575): CodeIgniter\Database\BaseConnection->initialize()
#2 /Users/user/dev/simple-crud-ci4/vendor/codeigniter4/framework/system/Database/BaseBuilder.php(1615): CodeIgniter\Database\BaseConnection->query('SELECT *\nFROM `...', Array, false)
#3 /Users/user/dev/simple-crud-ci4/vendor/codeigniter4/framework/system/Model.php(237): CodeIgniter\Database\BaseBuilder->get()
#4 /Users/user/dev/simple-crud-ci4/vendor/codeigniter4/framework/system/BaseModel.php(624): CodeIgniter\Model->doFindAll(0, 0)
#5 /Users/user/dev/simple-crud-ci4/app/Models/Product_model.php(11): CodeIgniter\BaseModel->findAll()
#6 /Users/user/dev/simple-crud-ci4/app/Controllers/Product.php(11): App\Models\Product_model->getProduct()
#7 /Users/user/dev/simple-crud-ci4/vendor/codeigniter4/framework/system/CodeIgniter.php(942): App\Controllers\Product->index()
#8 /Users/user/dev/simple-crud-ci4/vendor/codeigniter4/framework/system/CodeIgniter.php(502): CodeIgniter\CodeIgniter->runController(Object(App\Controllers\Product))
#9 /Users/user/dev/simple-crud-ci4/vendor/codeigniter4/framework/system/CodeIgniter.php(361): CodeIgniter\CodeIgniter->handleRequest(NULL, Object(Config\Cache), false)
#10 /Users/user/dev/simple-crud-ci4/public/index.php(79): CodeIgniter\CodeIgniter->run()
#11 /Users/user/dev/simple-crud-ci4/vendor/codeigniter4/framework/system/Commands/Server/rewrite.php(47): require_once('/Users/user/dev...')
#12 {main}
CRITICAL - 2023-12-15 04:07:17 --> Unable to connect to the database.
Main connection [MySQLi]: Access denied for user ''@'localhost' (using password: NO)
in SYSTEMPATH/Database/BaseConnection.php on line 428.
 1 SYSTEMPATH/Database/BaseConnection.php(575): CodeIgniter\Database\BaseConnection->initialize()
 2 SYSTEMPATH/Database/BaseBuilder.php(1615): CodeIgniter\Database\BaseConnection->query('SELECT *
FROM `product`', [], false)
 3 SYSTEMPATH/Model.php(237): CodeIgniter\Database\BaseBuilder->get()
 4 SYSTEMPATH/BaseModel.php(624): CodeIgniter\Model->doFindAll(0, 0)
 5 APPPATH/Models/Product_model.php(11): CodeIgniter\BaseModel->findAll()
 6 APPPATH/Controllers/Product.php(11): App\Models\Product_model->getProduct()
 7 SYSTEMPATH/CodeIgniter.php(942): App\Controllers\Product->index()
 8 SYSTEMPATH/CodeIgniter.php(502): CodeIgniter\CodeIgniter->runController(Object(App\Controllers\Product))
 9 SYSTEMPATH/CodeIgniter.php(361): CodeIgniter\CodeIgniter->handleRequest(null, Object(Config\Cache), false)
10 FCPATH/index.php(79): CodeIgniter\CodeIgniter->run()
11 SYSTEMPATH/Commands/Server/rewrite.php(47): require_once('/Users/user/dev/simple-crud-ci4/public/index.php')
